version: (200506)

available memory: 64M bytes
used memory: 155648 bytes [need 152K bytes if disable swap]

used block: 5 [memory(5) file(0)]
                 [ 8K(3) 64K(2) { total 152K bytes } ]
overhead: (9538) bytes for (5) blocks [Average: (1907) bytes/block]

write  => 0(times) 0K(bytes) [0K bytes to file]
read   => 2(times) 20K(bytes) [3K bytes compressed data from file]
access => 156618(times) 1231M(bytes)
          [hit ratio: 99.9987%]

time: write(0) read(0)  unit: second

swap file directory: (/home/xinting/eecs627/Secure_AES_Accelerator/verilog/verdiLog)
used swap file number: (3)



swap file manager:
arrSize: (256)
idxCnt: (4)
closeHead: (1)
closeTail: (3)
openCnt: (3)
fid(3): fd(1073741825) fileName(/home/xinting/eecs627/Secure_AES_Accelerator/verilog/verdi.daidir/kdb.elab++/work.lib++/encrypt_engine.sv.tdc)
	size(4526) lastModTime(1738516516) curModTime(1738516516)
	mode(rb)	hot(0) cool(2) pos(0)
fid(2): fd(29) fileName(/home/xinting/eecs627/Secure_AES_Accelerator/verilog/verdiLog/_swap_0001#-745722976#755521)
	size(0) lastModTime(0) curModTime(1738516524)
	mode(w+b)	hot(3) cool(1) pos(0)
fid(1): fd(1073741824) fileName(/home/xinting/eecs627/Secure_AES_Accelerator/verilog/verdi.daidir/kdb.elab++/work.lib++/encrypt_engine_tb.sv.tdc)
	size(2562) lastModTime(1738516516) curModTime(1738516516)
	mode(rb)	hot(2) cool(0) pos(0)
fid(0): fd(0) fileName(NULL)
	mode(NULL)	hot(0) cool(0) pos(0)
==================================================
mySelf(0x18a10dd0) pre(0x175575e0) next((nil))
version(200506)
date(Apr 25 2022 02:34:42)
